<?xml version="1.0" encoding="UTF-8"?>
<testsuite xmlns:xsi="http://www.w3.org/2001/XMLSchema-instance" xsi:noNamespaceSchemaLocation="https://maven.apache.org/surefire/maven-surefire-plugin/xsd/surefire-test-report.xsd" name="ch.fhnw.restservice.SDCControllerTests" time="3.044" tests="2" errors="0" skipped="0" failures="0">
  <properties>
[...]
</properties>
  <testcase name="noParamGreetingShouldReturnDefaultMessage" classname="ch.fhnw.restservice.SDCControllerTests" time="0.473"/>
  <testcase name="paramGreetingShouldReturnTailoredMessage" classname="ch.fhnw.restservice.SDCControllerTests" time="0.005"/>
</testsuite>